<?xml version="1.0" encoding="UTF-8"?>
<testng-results ignored="0" total="1" passed="1" failed="0" skipped="0">
  <reporter-output>
  </reporter-output>
  <suite started-at="2024-10-21T13:37:45 IST" name="Suite" finished-at="2024-10-21T13:38:05 IST" duration-ms="20416">
    <groups>
    </groups>
    <test started-at="2024-10-21T13:37:45 IST" name="Test" finished-at="2024-10-21T13:38:05 IST" duration-ms="20416">
      <class name="com.artium.qa.tests.LoginPage">
        <test-method signature="setUp()[pri:0, instance:com.artium.qa.tests.LoginPage@2133814f]" started-at="2024-10-21T13:37:45 IST" name="setUp" finished-at="2024-10-21T13:38:05 IST" duration-ms="20354" status="PASS">
          <reporter-output>
          </reporter-output>
        </test-method> <!-- setUp -->
      </class> <!-- com.artium.qa.tests.LoginPage -->
    </test> <!-- Test -->
  </suite> <!-- Suite -->
</testng-results>
