<?xml version="1.0" encoding="UTF-8"?>
<testng-results ignored="0" total="1" passed="1" failed="0" skipped="0">
  <reporter-output>
  </reporter-output>
  <suite started-at="2024-10-18T13:24:32 IST" name="Default suite" finished-at="2024-10-18T13:24:56 IST" duration-ms="23427">
    <groups>
    </groups>
    <test started-at="2024-10-18T13:24:32 IST" name="Default test" finished-at="2024-10-18T13:24:56 IST" duration-ms="23427">
      <class name="com.artium.qa.tests.LoginPage">
        <test-method signature="setUp()[pri:0, instance:com.artium.qa.tests.LoginPage@6973b51b]" started-at="2024-10-18T13:24:32 IST" name="setUp" finished-at="2024-10-18T13:24:56 IST" duration-ms="23359" status="PASS">
          <reporter-output>
          </reporter-output>
        </test-method> <!-- setUp -->
      </class> <!-- com.artium.qa.tests.LoginPage -->
    </test> <!-- Default test -->
  </suite> <!-- Default suite -->
</testng-results>
